                      +-----------------------------+
                      |                             |
                      |   LMLR, v1.0                |
                      |   April, 2016               |
                      |   Luke Lloyd-Jones          |
                      |                             |
                      +-----------------------------+

Number of command line arguments 15
Argument 0 = ../../lmlr
Argument 1 = /Users/hayleywise/Dropbox/Git_Repos/LMLR/examples/baseball/bball_pred.csv
Argument 2 = /Users/hayleywise/Dropbox/Git_Repos/LMLR/examples/baseball/bball_resp.csv
Argument 3 = 15
Argument 4 = 60
Argument 5 = 1e-4
Argument 6 = 500000
Argument 7 = 1e-16
Argument 8 = 1.2
Argument 9 = 1.1
Argument 10 = 6.5
Argument 11 = 6.6
Argument 12 = 0.6
Argument 13 = 0.4
Argument 14 = /Users/hayleywise/Dropbox/Git_Repos/LMLR/examples/baseball/
File input took 0.021208 seconds
You are in lasso mode
You are in non lasso mode
710.784
611.673
607.744
605.469
604.122
603.36
602.913
602.632
602.445
602.312
602.214
602.14
602.082
602.035
601.997
601.967
601.941
You are in lasso mode
You are in non lasso mode
687.757
597.209
595.876
595.396
595.159
595.015
594.913
594.833
594.768
594.712
594.665
594.623
594.586
594.553
594.524
594.497
594.473
594.45
594.429
BIC at initial end points 32.1885,601.941 42.8115,594.429
You are in lasso mode
You are in non lasso mode
682.824
594.119
592.732
592.225
591.931
591.722
591.559
591.425
591.31
591.21
591.119
591.037
590.961
590.891
590.825
590.765
590.709
590.656
590.608
590.564
590.524
590.488
590.456
590.427
590.401
590.378
590.356
Bounds at iteration 1 are (32.1885,60)
BIC bounds at iteration 1 are (594.429,590.356)
You are in lasso mode
You are in non lasso mode
704.024
608.34
607.534
607.09
606.789
606.572
606.409
606.283
606.184
606.104
606.039
605.986
605.941
605.903
605.87
605.842
605.817
605.795
Bounds at iteration 2 are (42.8115,60)
BIC bounds at iteration 2 are (590.356,605.795)
You are in lasso mode
You are in non lasso mode
676.676
587.801
586.532
586.082
585.832
585.659
585.525
585.416
585.323
585.242
585.17
585.105
585.047
584.994
584.946
584.902
584.862
584.825
584.792
584.763
584.738
584.714
Bounds at iteration 3 are (42.8115,53.4346)
BIC bounds at iteration 3 are (584.714,590.356)
You are in lasso mode
You are in non lasso mode
687.897
597.684
596.169
595.61
595.334
595.167
595.049
594.957
594.881
594.816
594.761
594.713
594.67
594.632
594.598
594.567
594.539
594.513
594.489
594.466
594.446
Bounds at iteration 4 are (42.8115,49.3769)
BIC bounds at iteration 4 are (594.446,584.714)
You are in lasso mode
You are in non lasso mode
676.778
587.984
586.661
586.188
585.923
585.74
585.598
585.483
585.385
585.299
585.224
585.156
585.094
585.038
584.987
584.94
584.897
584.857
584.821
584.789
584.76
584.735
584.712
Bounds at iteration 5 are (45.3193,49.3769)
BIC bounds at iteration 5 are (584.714,584.712)
You are in lasso mode
You are in non lasso mode
676.859
588.103
586.746
586.256
585.981
585.791
585.645
585.525
585.424
585.336
585.258
585.188
585.124
585.066
585.013
584.964
584.919
584.878
584.84
584.806
584.775
584.748
584.724
584.702
Bounds at iteration 6 are (46.8692,49.3769)
BIC bounds at iteration 6 are (584.712,584.702)
You are in lasso mode
You are in non lasso mode
676.917
588.18
586.8
586.299
586.018
585.823
585.674
585.552
585.449
585.359
585.279
585.207
585.143
585.083
585.029
584.979
584.933
584.89
584.852
584.816
584.785
584.757
584.732
584.709
Bounds at iteration 7 are (47.8271,49.3769)
BIC bounds at iteration 7 are (584.702,584.709)
You are in lasso mode
You are in non lasso mode
676.827
588.057
586.713
586.229
585.959
585.771
585.627
585.509
585.409
585.322
585.245
585.175
585.112
585.055
585.003
584.954
584.91
584.87
584.832
584.799
584.769
584.743
584.719
584.698
Bounds at iteration 8 are (47.8271,48.7849)
BIC bounds at iteration 8 are (584.698,584.702)
You are in lasso mode
You are in non lasso mode
676.808
588.028
586.693
586.213
585.945
585.759
585.616
585.499
585.4
585.313
585.237
585.168
585.105
585.049
584.996
584.949
584.905
584.865
584.828
584.795
584.766
584.74
584.717
Bounds at iteration 9 are (47.8271,48.4191)
BIC bounds at iteration 9 are (584.717,584.698)
You are in lasso mode
You are in non lasso mode
676.839
588.074
586.726
586.239
585.967
585.779
585.634
585.515
585.415
585.327
585.25
585.18
585.117
585.059
585.006
584.958
584.913
584.873
584.835
584.802
584.772
584.745
584.721
584.7
Bounds at iteration 10 are (48.0532,48.4191)
BIC bounds at iteration 10 are (584.698,584.7)
You are in lasso mode
You are in non lasso mode
676.819
588.046
586.705
586.223
585.953
585.766
585.622
585.505
585.405
585.318
585.241
585.172
585.11
585.053
585
584.952
584.908
584.868
584.831
584.797
584.768
584.742
584.718
Bounds at iteration 11 are (48.0532,48.2793)
BIC bounds at iteration 11 are (584.718,584.698)
You are in lasso mode
You are in non lasso mode
676.832
588.063
586.718
586.233
585.962
585.774
585.629
585.511
585.411
585.324
585.246
585.177
585.114
585.057
585.004
584.956
584.911
584.871
584.833
584.8
584.77
584.744
584.72
584.699
Bounds at iteration 12 are (48.1396,48.2793)
BIC bounds at iteration 12 are (584.698,584.699)
You are in lasso mode
You are in non lasso mode
676.824
588.052
586.71
586.227
585.956
585.769
585.625
585.507
585.407
585.321
585.243
585.174
585.111
585.054
585.002
584.954
584.909
584.869
584.832
584.798
584.769
584.743
584.719
Bounds at iteration 13 are (48.1396,48.2259)
BIC bounds at iteration 13 are (584.719,584.698)
Estimate of minimum Golden search lambda 1 48.1827
You are in lasso mode
You are in non lasso mode
676.825
588.054
586.712
586.228
585.957
585.77
585.626
585.508
585.408
585.321
585.244
585.175
585.112
585.055
585.002
584.954
584.91
584.869
584.832
584.799
584.769
584.743
584.719
584.698
Minimum Golden search BIC 584.698
Estimate of minimum Golden search lambda 48.1827
Initial simplex is 
50.0669
48.6827
47.6827
51.1169
47.6827
48.6827
You are in lasso mode
You are in non lasso mode
682.697
594.036
592.76
592.262
591.963
591.752
591.59
591.458
591.347
591.25
591.164
591.086
591.015
590.95
590.89
590.835
590.783
590.735
590.691
590.65
590.613
590.579
590.549
590.522
590.497
590.475
You are in lasso mode
You are in non lasso mode
672.02
582.877
581.334
580.733
580.387
580.149
579.969
579.825
579.706
579.605
579.518
579.441
579.374
579.316
579.265
579.22
579.18
579.146
579.115
579.088
579.063
579.042
You are in lasso mode
You are in non lasso mode
671.218
582.673
581.305
580.755
580.427
580.194
580.015
579.87
579.748
579.645
579.554
579.475
579.405
579.343
579.289
579.241
579.2
579.163
579.13
579.101
579.075
579.053
Difference in objective at current iteration is 4.81827
You are in lasso mode
You are in non lasso mode
672.698
582.615
581.022
580.416
580.087
579.871
579.715
579.594
579.497
579.416
579.347
579.289
579.24
579.197
579.159
579.126
579.097
579.071
579.049
COMPLETED RUNNING OF NELDER-MEAD SIMPLEX ALGOIRTHM 0
You are in lasso mode
You are in non lasso mode
672.698
582.615
581.022
580.416
580.087
579.871
579.715
579.594
579.497
579.416
579.347
579.289
579.24
579.197
579.159
579.126
579.097
579.071
579.049
You are in lasso mode
You are in non lasso mode
672.02
582.877
581.334
580.733
580.387
580.149
579.969
579.825
579.706
579.605
579.518
579.441
579.374
579.316
579.265
579.22
579.18
579.146
579.115
579.088
579.063
579.042
You are in lasso mode
You are in non lasso mode
671.218
582.673
581.305
580.755
580.427
580.194
580.015
579.87
579.748
579.645
579.554
579.475
579.405
579.343
579.289
579.241
579.2
579.163
579.13
579.101
579.075
579.053
Difference in objective at current iteration is 7.20241
You are in lasso mode
You are in non lasso mode
673.482
582.824
581.072
580.411
580.063
579.841
579.684
579.564
579.468
579.39
579.324
579.268
579.221
579.18
579.144
579.112
579.085
579.061
579.039
You are in lasso mode
You are in non lasso mode
680.488
588.105
586.101
585.294
584.892
584.661
584.508
584.398
584.313
584.244
584.187
584.139
584.098
584.063
584.032
584.005
583.982
COMPLETED RUNNING OF NELDER-MEAD SIMPLEX ALGOIRTHM 1
You are in lasso mode
You are in non lasso mode
672.698
582.615
581.022
580.416
580.087
579.871
579.715
579.594
579.497
579.416
579.347
579.289
579.24
579.197
579.159
579.126
579.097
579.071
579.049
You are in lasso mode
You are in non lasso mode
672.02
582.877
581.334
580.733
580.387
580.149
579.969
579.825
579.706
579.605
579.518
579.441
579.374
579.316
579.265
579.22
579.18
579.146
579.115
579.088
579.063
579.042
You are in lasso mode
You are in non lasso mode
673.482
582.824
581.072
580.411
580.063
579.841
579.684
579.564
579.468
579.39
579.324
579.268
579.221
579.18
579.144
579.112
579.085
579.061
579.039
Difference in objective at current iteration is 7.25241
You are in lasso mode
You are in non lasso mode
672.796
583.081
581.369
580.713
580.349
580.105
579.924
579.781
579.665
579.567
579.483
579.409
579.345
579.29
579.242
579.2
579.162
579.13
579.1
579.075
579.052
You are in lasso mode
You are in non lasso mode
672.715
582.724
581.102
580.484
580.146
579.924
579.762
579.636
579.534
579.45
579.377
579.315
579.263
579.217
579.177
579.142
579.111
579.084
579.06
579.039
COMPLETED RUNNING OF NELDER-MEAD SIMPLEX ALGOIRTHM 2
You are in lasso mode
You are in non lasso mode
672.715
582.724
581.102
580.484
580.146
579.924
579.762
579.636
579.534
579.45
579.377
579.315
579.263
579.217
579.177
579.142
579.111
579.084
579.06
579.039
You are in lasso mode
You are in non lasso mode
672.02
582.877
581.334
580.733
580.387
580.149
579.969
579.825
579.706
579.605
579.518
579.441
579.374
579.316
579.265
579.22
579.18
579.146
579.115
579.088
579.063
579.042
You are in lasso mode
You are in non lasso mode
673.482
582.824
581.072
580.411
580.063
579.841
579.684
579.564
579.468
579.39
579.324
579.268
579.221
579.18
579.144
579.112
579.085
579.061
579.039
Difference in objective at current iteration is 1.20457
You are in lasso mode
You are in non lasso mode
680.126
587.879
585.975
585.211
584.833
584.615
584.471
584.367
584.286
584.221
584.167
584.122
584.083
584.049
584.02
583.994
583.972
You are in lasso mode
You are in non lasso mode
672.546
582.816
581.198
580.579
580.235
580.005
579.836
579.703
579.595
579.504
579.426
579.359
579.301
579.251
579.207
579.169
579.135
579.105
579.079
579.056
COMPLETED RUNNING OF NELDER-MEAD SIMPLEX ALGOIRTHM 3
You are in lasso mode
You are in non lasso mode
672.715
582.724
581.102
580.484
580.146
579.924
579.762
579.636
579.534
579.45
579.377
579.315
579.263
579.217
579.177
579.142
579.111
579.084
579.06
579.039
You are in lasso mode
You are in non lasso mode
672.355
582.794
581.212
580.602
580.261
580.031
579.86
579.726
579.616
579.523
579.443
579.374
579.315
579.263
579.218
579.178
579.144
579.113
579.086
579.062
579.04
You are in lasso mode
You are in non lasso mode
673.101
582.773
581.084
580.445
580.102
579.88
579.72
579.598
579.5
579.418
579.349
579.29
579.24
579.197
579.159
579.126
579.097
579.072
579.049
Difference in objective at current iteration is 1.20457
You are in lasso mode
You are in non lasso mode
671.972
582.753
581.241
580.653
580.316
580.085
579.912
579.773
579.659
579.563
579.48
579.407
579.344
579.289
579.241
579.199
579.162
579.129
579.1
579.074
579.052
You are in lasso mode
You are in non lasso mode
672.817
582.764
581.117
580.491
580.15
579.926
579.763
579.637
579.535
579.45
579.377
579.316
579.263
579.217
579.177
579.142
579.111
579.084
579.06
579.039
COMPLETED RUNNING OF NELDER-MEAD SIMPLEX ALGOIRTHM 4
You are in lasso mode
You are in non lasso mode
672.715
582.724
581.102
580.484
580.146
579.924
579.762
579.636
579.534
579.45
579.377
579.315
579.263
579.217
579.177
579.142
579.111
579.084
579.06
579.039
You are in lasso mode
You are in non lasso mode
672.355
582.794
581.212
580.602
580.261
580.031
579.86
579.726
579.616
579.523
579.443
579.374
579.315
579.263
579.218
579.178
579.144
579.113
579.086
579.062
579.04
You are in lasso mode
You are in non lasso mode
672.817
582.764
581.117
580.491
580.15
579.926
579.763
579.637
579.535
579.45
579.377
579.316
579.263
579.217
579.177
579.142
579.111
579.084
579.06
579.039
Difference in objective at current iteration is 0.904989
You are in lasso mode
You are in non lasso mode
673.188
582.705
581.023
580.387
580.049
579.832
579.677
579.559
579.465
579.387
579.321
579.266
579.219
579.178
579.143
579.111
579.084
579.06
579.038
You are in lasso mode
You are in non lasso mode
679.422
587.94
586.12
585.373
584.978
584.743
584.584
584.467
584.375
584.299
584.237
584.183
584.137
584.097
584.063
584.032
584.006
583.983
COMPLETED RUNNING OF NELDER-MEAD SIMPLEX ALGOIRTHM 5
You are in lasso mode
You are in non lasso mode
672.715
582.724
581.102
580.484
580.146
579.924
579.762
579.636
579.534
579.45
579.377
579.315
579.263
579.217
579.177
579.142
579.111
579.084
579.06
579.039
You are in lasso mode
You are in non lasso mode
673.188
582.705
581.023
580.387
580.049
579.832
579.677
579.559
579.465
579.387
579.321
579.266
579.219
579.178
579.143
579.111
579.084
579.06
579.038
You are in lasso mode
You are in non lasso mode
672.817
582.764
581.117
580.491
580.15
579.926
579.763
579.637
579.535
579.45
579.377
579.316
579.263
579.217
579.177
579.142
579.111
579.084
579.06
579.039
Difference in objective at current iteration is 2.70247
You are in lasso mode
You are in non lasso mode
673.287
582.745
581.039
580.395
580.054
579.835
579.679
579.561
579.466
579.387
579.322
579.267
579.219
579.179
579.143
579.112
579.084
579.06
579.038
COMPLETED RUNNING OF NELDER-MEAD SIMPLEX ALGOIRTHM 6
You are in lasso mode
You are in non lasso mode
673.287
582.745
581.039
580.395
580.054
579.835
579.679
579.561
579.466
579.387
579.322
579.267
579.219
579.179
579.143
579.112
579.084
579.06
579.038
You are in lasso mode
You are in non lasso mode
673.188
582.705
581.023
580.387
580.049
579.832
579.677
579.559
579.465
579.387
579.321
579.266
579.219
579.178
579.143
579.111
579.084
579.06
579.038
You are in lasso mode
You are in non lasso mode
672.817
582.764
581.117
580.491
580.15
579.926
579.763
579.637
579.535
579.45
579.377
579.316
579.263
579.217
579.177
579.142
579.111
579.084
579.06
579.039
Difference in objective at current iteration is 1.80998
You are in lasso mode
You are in non lasso mode
679.47
587.959
586.128
585.377
584.981
584.744
584.585
584.467
584.375
584.3
584.237
584.183
584.137
584.098
584.063
584.033
584.006
583.983
You are in lasso mode
You are in non lasso mode
673.026
582.743
581.072
580.439
580.099
579.878
579.719
579.597
579.499
579.417
579.348
579.29
579.24
579.197
579.159
579.126
579.097
579.072
579.049
COMPLETED RUNNING OF NELDER-MEAD SIMPLEX ALGOIRTHM 7
You are in lasso mode
You are in non lasso mode
673.237
582.725
581.031
580.391
580.052
579.834
579.678
579.56
579.465
579.387
579.322
579.266
579.219
579.178
579.143
579.112
579.084
579.06
579.038
You are in lasso mode
You are in non lasso mode
673.188
582.705
581.023
580.387
580.049
579.832
579.677
579.559
579.465
579.387
579.321
579.266
579.219
579.178
579.143
579.111
579.084
579.06
579.038
You are in lasso mode
You are in non lasso mode
673.001
582.733
581.068
580.437
580.098
579.877
579.719
579.597
579.499
579.417
579.348
579.29
579.24
579.197
579.159
579.126
579.097
579.071
579.049
Difference in objective at current iteration is 0.522311
You are in lasso mode
You are in non lasso mode
673.425
582.699
580.989
580.344
580.006
579.792
579.64
579.525
579.434
579.359
579.297
579.245
579.2
579.161
579.128
579.098
579.072
579.049
You are in lasso mode
You are in non lasso mode
673.107
582.724
581.047
580.413
580.074
579.855
579.698
579.578
579.482
579.402
579.334
579.278
579.229
579.187
579.151
579.119
579.09
579.066
579.043
COMPLETED RUNNING OF NELDER-MEAD SIMPLEX ALGOIRTHM 8
You are in lasso mode
You are in non lasso mode
673.237
582.725
581.031
580.391
580.052
579.834
579.678
579.56
579.465
579.387
579.322
579.266
579.219
579.178
579.143
579.112
579.084
579.06
579.038
You are in lasso mode
You are in non lasso mode
673.188
582.705
581.023
580.387
580.049
579.832
579.677
579.559
579.465
579.387
579.321
579.266
579.219
579.178
579.143
579.111
579.084
579.06
579.038
You are in lasso mode
You are in non lasso mode
673.107
582.724
581.047
580.413
580.074
579.855
579.698
579.578
579.482
579.402
579.334
579.278
579.229
579.187
579.151
579.119
579.09
579.066
579.043
Difference in objective at current iteration is 0.337808
You are in lasso mode
You are in non lasso mode
673.319
582.707
581.007
580.366
580.028
579.812
579.659
579.542
579.449
579.373
579.309
579.255
579.209
579.17
579.135
579.105
579.078
579.054
You are in lasso mode
You are in non lasso mode
673.16
582.72
581.037
580.401
580.062
579.844
579.688
579.569
579.473
579.394
579.328
579.272
579.224
579.183
579.147
579.115
579.087
